Построение начато 13.11.2017 21:34:46.
Проект "D:\cpp2\array_rotate\array_rotate\array_rotate.vcxproj" в узле 2 (целевые объекты build).
InitializeBuildStatus:
  Создание "Debug\array_rotate.unsuccessfulbuild", так как было задано "AlwaysCreate".
ClCompile:
  D:\Microsoft Visual Studio 10.0\VC\bin\CL.exe /c /ZI /nologo /W3 /WX- /Od /Oy- /D _MBCS /Gm /EHsc /RTC1 /MDd /GS /fp:precise /Zc:wchar_t /Zc:forScope /Fo"Debug\\" /Fd"Debug\vc100.pdb" /Gd /TP /analyze- /errorReport:prompt array_rotate.cpp
  array_rotate.cpp
Link:
  D:\Microsoft Visual Studio 10.0\VC\bin\link.exe /ERRORREPORT:PROMPT /OUT:"D:\cpp2\array_rotate\Debug\array_rotate.exe" /NOLOGO kernel32.lib user32.lib gdi32.lib winspool.lib comdlg32.lib advapi32.lib shell32.lib ole32.lib oleaut32.lib uuid.lib odbc32.lib odbccp32.lib /MANIFEST /ManifestFile:"Debug\array_rotate.exe.intermediate.manifest" /MANIFESTUAC:"level='asInvoker' uiAccess='false'" /DEBUG /PDB:"D:\cpp2\array_rotate\Debug\array_rotate.pdb" /TLBID:1 /DYNAMICBASE /NXCOMPAT /IMPLIB:"D:\cpp2\array_rotate\Debug\array_rotate.lib" /MACHINE:X86 Debug\rotate.obj
  Debug\array_rotate.obj
  LINK : не найден или не выполнена сборка D:\cpp2\array_rotate\Debug\array_rotate.exe при последней инкрементной компоновке; выполняется полная компоновка
  array_rotate.vcxproj -> D:\cpp2\array_rotate\Debug\array_rotate.exe
Manifest:
  C:\Program Files\Microsoft SDKs\Windows\v7.0A\bin\mt.exe /nologo /verbose /outputresource:"D:\cpp2\array_rotate\Debug\array_rotate.exe;#1" /manifest Debug\array_rotate.exe.intermediate.manifest
FinalizeBuildStatus:
  Файл "Debug\array_rotate.unsuccessfulbuild" удаляется.
  Обращение к "Debug\array_rotate.lastbuildstate".
Построение проекта "D:\cpp2\array_rotate\array_rotate\array_rotate.vcxproj" завершено (целевые объекты build).

Построение успешно завершено.

Затраченное время: 00:00:02.26
