Построение начато 24.01.2018 22:03:37.
Проект "D:\cpp2\for_trade\for_trade\for_trade.vcxproj" в узле 2 (целевые объекты build).
InitializeBuildStatus:
  Создание "Debug\for_trade.unsuccessfulbuild", так как было задано "AlwaysCreate".
ClCompile:
  D:\Microsoft Visual Studio 10.0\VC\bin\CL.exe /c /ZI /nologo /W3 /WX- /Od /Oy- /D _MBCS /Gm /EHsc /RTC1 /MDd /GS /fp:precise /Zc:wchar_t /Zc:forScope /Fo"Debug\\" /Fd"Debug\vc100.pdb" /Gd /TP /analyze- /errorReport:prompt main.cpp
  main.cpp
Link:
  D:\Microsoft Visual Studio 10.0\VC\bin\link.exe /ERRORREPORT:PROMPT /OUT:"D:\cpp2\for_trade\Debug\for_trade.exe" /NOLOGO kernel32.lib user32.lib gdi32.lib winspool.lib comdlg32.lib advapi32.lib shell32.lib ole32.lib oleaut32.lib uuid.lib odbc32.lib odbccp32.lib /MANIFEST /ManifestFile:"Debug\for_trade.exe.intermediate.manifest" /MANIFESTUAC:"level='asInvoker' uiAccess='false'" /DEBUG /PDB:"D:\cpp2\for_trade\Debug\for_trade.pdb" /TLBID:1 /DYNAMICBASE /NXCOMPAT /IMPLIB:"D:\cpp2\for_trade\Debug\for_trade.lib" /MACHINE:X86 Debug\main.obj
  Debug\Unit.obj
  LINK : не найден или не выполнена сборка D:\cpp2\for_trade\Debug\for_trade.exe при последней инкрементной компоновке; выполняется полная компоновка
  for_trade.vcxproj -> D:\cpp2\for_trade\Debug\for_trade.exe
Manifest:
  C:\Program Files\Microsoft SDKs\Windows\v7.0A\bin\mt.exe /nologo /verbose /outputresource:"D:\cpp2\for_trade\Debug\for_trade.exe;#1" /manifest Debug\for_trade.exe.intermediate.manifest
FinalizeBuildStatus:
  Файл "Debug\for_trade.unsuccessfulbuild" удаляется.
  Обращение к "Debug\for_trade.lastbuildstate".
Построение проекта "D:\cpp2\for_trade\for_trade\for_trade.vcxproj" завершено (целевые объекты build).

Построение успешно завершено.

Затраченное время: 00:00:02.41
