Построение начато 04.12.2017 21:52:38.
Проект "D:\cpp2\nospamic_commander\nospamic_commander\nospamic_commander.vcxproj" в узле 2 (целевые объекты build).
InitializeBuildStatus:
  Создание "Debug\nospamic_commander.unsuccessfulbuild", так как было задано "AlwaysCreate".
ClCompile:
  D:\Microsoft Visual Studio 10.0\VC\bin\CL.exe /c /ZI /nologo /W3 /WX- /Od /Oy- /D _MBCS /Gm /EHsc /RTC1 /MDd /GS /fp:precise /Zc:wchar_t /Zc:forScope /Fo"Debug\\" /Fd"Debug\vc100.pdb" /Gd /TP /analyze- /errorReport:prompt acces.cpp
  acces.cpp
d:\cpp2\nospamic_commander\nospamic_commander\acces.cpp(20): warning C4018: <: несоответствие типов со знаком и без знака
d:\cpp2\nospamic_commander\nospamic_commander\acces.cpp(73): warning C4996: 'strcpy': This function or variable may be unsafe. Consider using strcpy_s instead. To disable deprecation, use _CRT_SECURE_NO_WARNINGS. See online help for details.
          d:\microsoft visual studio 10.0\vc\include\string.h(105): см. объявление "strcpy"
Link:
  D:\Microsoft Visual Studio 10.0\VC\bin\link.exe /ERRORREPORT:PROMPT /OUT:"D:\cpp2\nospamic_commander\Debug\nospamic_commander.exe" /NOLOGO kernel32.lib user32.lib gdi32.lib winspool.lib comdlg32.lib advapi32.lib shell32.lib ole32.lib oleaut32.lib uuid.lib odbc32.lib odbccp32.lib /MANIFEST /ManifestFile:"Debug\nospamic_commander.exe.intermediate.manifest" /MANIFESTUAC:"level='asInvoker' uiAccess='false'" /DEBUG /PDB:"D:\cpp2\nospamic_commander\Debug\nospamic_commander.pdb" /TLBID:1 /DYNAMICBASE /NXCOMPAT /IMPLIB:"D:\cpp2\nospamic_commander\Debug\nospamic_commander.lib" /MACHINE:X86 Debug\acces.obj
  Debug\Box.obj
  Debug\Loop.obj
  Debug\nc.obj
  LINK : не найден или не выполнена сборка D:\cpp2\nospamic_commander\Debug\nospamic_commander.exe при последней инкрементной компоновке; выполняется полная компоновка
  nospamic_commander.vcxproj -> D:\cpp2\nospamic_commander\Debug\nospamic_commander.exe
Manifest:
  C:\Program Files\Microsoft SDKs\Windows\v7.0A\bin\mt.exe /nologo /verbose /outputresource:"D:\cpp2\nospamic_commander\Debug\nospamic_commander.exe;#1" /manifest Debug\nospamic_commander.exe.intermediate.manifest
FinalizeBuildStatus:
  Файл "Debug\nospamic_commander.unsuccessfulbuild" удаляется.
  Обращение к "Debug\nospamic_commander.lastbuildstate".
Построение проекта "D:\cpp2\nospamic_commander\nospamic_commander\nospamic_commander.vcxproj" завершено (целевые объекты build).

Построение успешно завершено.

Затраченное время: 00:00:02.27
