Построение начато 13.01.2018 0:18:46.
Проект "D:\cpp2\obj_array\obj_array\obj_array.vcxproj" в узле 2 (целевые объекты build).
InitializeBuildStatus:
  Создание "Debug\obj_array.unsuccessfulbuild", так как было задано "AlwaysCreate".
ClCompile:
  D:\Microsoft Visual Studio 10.0\VC\bin\CL.exe /c /ZI /nologo /W3 /WX- /Od /Oy- /D _MBCS /Gm /EHsc /RTC1 /MDd /GS /fp:precise /Zc:wchar_t /Zc:forScope /Fo"Debug\\" /Fd"Debug\vc100.pdb" /Gd /TP /analyze- /errorReport:prompt main.cpp
  main.cpp
d:\cpp2\obj_array\obj_array\main.cpp(61): warning C4018: <: несоответствие типов со знаком и без знака
Link:
  D:\Microsoft Visual Studio 10.0\VC\bin\link.exe /ERRORREPORT:PROMPT /OUT:"D:\cpp2\obj_array\Debug\obj_array.exe" /NOLOGO kernel32.lib user32.lib gdi32.lib winspool.lib comdlg32.lib advapi32.lib shell32.lib ole32.lib oleaut32.lib uuid.lib odbc32.lib odbccp32.lib /MANIFEST /ManifestFile:"Debug\obj_array.exe.intermediate.manifest" /MANIFESTUAC:"level='asInvoker' uiAccess='false'" /DEBUG /PDB:"D:\cpp2\obj_array\Debug\obj_array.pdb" /TLBID:1 /DYNAMICBASE /NXCOMPAT /IMPLIB:"D:\cpp2\obj_array\Debug\obj_array.lib" /MACHINE:X86 Debug\human.obj
  Debug\main.obj
  LINK : не найден или не выполнена сборка D:\cpp2\obj_array\Debug\obj_array.exe при последней инкрементной компоновке; выполняется полная компоновка
  obj_array.vcxproj -> D:\cpp2\obj_array\Debug\obj_array.exe
Manifest:
  C:\Program Files\Microsoft SDKs\Windows\v7.0A\bin\mt.exe /nologo /verbose /outputresource:"D:\cpp2\obj_array\Debug\obj_array.exe;#1" /manifest Debug\obj_array.exe.intermediate.manifest
FinalizeBuildStatus:
  Файл "Debug\obj_array.unsuccessfulbuild" удаляется.
  Обращение к "Debug\obj_array.lastbuildstate".
Построение проекта "D:\cpp2\obj_array\obj_array\obj_array.vcxproj" завершено (целевые объекты build).

Построение успешно завершено.

Затраченное время: 00:00:02.36
