Построение начато 15.09.2017 13:20:19.
Проект "D:\cpp2\Kamkulator II\Kamkulator II\Kamkulator II.vcxproj" в узле 2 (целевые объекты build).
InitializeBuildStatus:
  Создание "Debug\Kamkulator II.unsuccessfulbuild", так как было задано "AlwaysCreate".
GenerateTargetFrameworkMonikerAttribute:
Целевой объект "GenerateTargetFrameworkMonikerAttribute" пропускается, так как все выходные файлы актуальны по отношению к входным.
ClCompile:
  Для всех выходных данных обновления не требуется.
  D:\Microsoft Visual Studio 10.0\VC\bin\CL.exe /c /AI"C:\Program Files\Reference Assemblies\Microsoft\Framework\.NETFramework\v4.0" /Zi /clr:pure /nologo /W3 /WX- /Od /Oy- /D WIN32 /D _DEBUG /D _UNICODE /D UNICODE /EHa /MDd /GS /fp:precise /Zc:wchar_t /Zc:forScope /Yu"StdAfx.h" /Fp"Debug\Kamkulator II.pch" /Fo"Debug\\" /Fd"Debug\vc100.pdb" /TP /FU"C:\Program Files\Reference Assemblies\Microsoft\Framework\.NETFramework\v4.0\System.Core.dll" /FU"C:\Program Files\Reference Assemblies\Microsoft\Framework\.NETFramework\v4.0\System.Data.dll" /FU"C:\Program Files\Reference Assemblies\Microsoft\Framework\.NETFramework\v4.0\System.dll" /FU"C:\Program Files\Reference Assemblies\Microsoft\Framework\.NETFramework\v4.0\System.Drawing.dll" /FU"C:\Program Files\Reference Assemblies\Microsoft\Framework\.NETFramework\v4.0\System.Windows.Forms.dll" /FU"C:\Program Files\Reference Assemblies\Microsoft\Framework\.NETFramework\v4.0\System.Xml.dll" /analyze- /errorReport:prompt "Kamkulator II.cpp" /clr:nostdlib 
  Kamkulator II.cpp
  Для всех выходных данных обновления не требуется.
CoreResGen:
  "C:\Program Files\Microsoft SDKs\Windows\v7.0A\bin\NETFX 4.0 Tools\resgen.exe" /useSourcePath /r:"C:\Program Files\Reference Assemblies\Microsoft\Framework\.NETFramework\v4.0\System.Core.dll" /r:"C:\Program Files\Reference Assemblies\Microsoft\Framework\.NETFramework\v4.0\System.Data.dll" /r:"C:\Program Files\Reference Assemblies\Microsoft\Framework\.NETFramework\v4.0\System.dll" /r:"C:\Program Files\Reference Assemblies\Microsoft\Framework\.NETFramework\v4.0\System.Drawing.dll" /r:"C:\Program Files\Reference Assemblies\Microsoft\Framework\.NETFramework\v4.0\System.Windows.Forms.dll" /r:"C:\Program Files\Reference Assemblies\Microsoft\Framework\.NETFramework\v4.0\System.Xml.dll" /compile Form1.resX,Debug\KamkulatorII.Form1.resources
  Обрабатывается файл ресурсов "Form1.resX", результирующий объект: "Debug\KamkulatorII.Form1.resources".
ResourceCompile:
  Для всех выходных данных обновления не требуется.
Link:
  D:\Microsoft Visual Studio 10.0\VC\bin\link.exe /ERRORREPORT:PROMPT /OUT:"D:\cpp2\Kamkulator II\Debug\Kamkulator II.exe" /INCREMENTAL /NOLOGO /ASSEMBLYRESOURCE:Debug\KamkulatorII.Form1.resources /MANIFEST /ManifestFile:"Debug\Kamkulator II.exe.intermediate.manifest" /MANIFESTUAC:"level='asInvoker' uiAccess='false'" /DEBUG /PDB:"D:\cpp2\Kamkulator II\Debug\Kamkulator II.pdb" /ASSEMBLYDEBUG /SUBSYSTEM:WINDOWS /TLBID:1 /ENTRY:"main" /DYNAMICBASE /FIXED:NO /NXCOMPAT /MACHINE:X86 Debug\app.res
  Debug\AssemblyInfo.obj
  Debug\camc.obj
  "Debug\Kamkulator II.obj"
  Debug\stdafx.obj
  "Debug\.NETFramework,Version=v4.0.AssemblyAttributes.obj"
  Kamkulator II.vcxproj -> D:\cpp2\Kamkulator II\Debug\Kamkulator II.exe
Manifest:
  C:\Program Files\Microsoft SDKs\Windows\v7.0A\bin\mt.exe /nologo /verbose /outputresource:"D:\cpp2\Kamkulator II\Debug\Kamkulator II.exe;#1" /manifest "Debug\Kamkulator II.exe.intermediate.manifest"
FinalizeBuildStatus:
  Файл "Debug\Kamkulator II.unsuccessfulbuild" удаляется.
  Обращение к "Debug\Kamkulator II.lastbuildstate".
Построение проекта "D:\cpp2\Kamkulator II\Kamkulator II\Kamkulator II.vcxproj" завершено (целевые объекты build).

Построение успешно завершено.

Затраченное время: 00:00:04.12
