Построение начато 26.10.2017 15:35:40.
Проект "D:\cpp2\gta_for_Luxoft\gta_for_Luxoft\gta_for_Luxoft.vcxproj" в узле 2 (целевые объекты build).
InitializeBuildStatus:
  Создание "Debug\gta_for_Luxoft.unsuccessfulbuild", так как было задано "AlwaysCreate".
ClCompile:
  D:\Microsoft Visual Studio 10.0\VC\bin\CL.exe /c /ZI /nologo /W3 /WX- /Od /Oy- /D _MBCS /Gm /EHsc /RTC1 /MDd /GS /fp:precise /Zc:wchar_t /Zc:forScope /Fo"Debug\\" /Fd"Debug\vc100.pdb" /Gd /TP /analyze- /errorReport:prompt game.cpp
  game.cpp
d:\cpp2\gta_for_luxoft\gta_for_luxoft\game.cpp(41): warning C4244: аргумент: преобразование "time_t" в "unsigned int", возможна потеря данных
d:\cpp2\gta_for_luxoft\gta_for_luxoft\game.cpp(108): warning C4244: =: преобразование "int" в "float", возможна потеря данных
d:\cpp2\gta_for_luxoft\gta_for_luxoft\game.cpp(109): warning C4244: =: преобразование "int" в "float", возможна потеря данных
d:\cpp2\gta_for_luxoft\gta_for_luxoft\game.cpp(110): warning C4244: =: преобразование "int" в "float", возможна потеря данных
d:\cpp2\gta_for_luxoft\gta_for_luxoft\game.cpp(155): warning C4018: <: несоответствие типов со знаком и без знака
d:\cpp2\gta_for_luxoft\gta_for_luxoft\game.cpp(157): warning C4018: <: несоответствие типов со знаком и без знака
d:\cpp2\gta_for_luxoft\gta_for_luxoft\game.cpp(184): warning C4244: =: преобразование "int" в "float", возможна потеря данных
d:\cpp2\gta_for_luxoft\gta_for_luxoft\game.cpp(185): warning C4244: =: преобразование "int" в "float", возможна потеря данных
d:\cpp2\gta_for_luxoft\gta_for_luxoft\game.cpp(268): warning C4996: 'kbhit': The POSIX name for this item is deprecated. Instead, use the ISO C++ conformant name: _kbhit. See online help for details.
          d:\microsoft visual studio 10.0\vc\include\conio.h(130): см. объявление "kbhit"
d:\cpp2\gta_for_luxoft\gta_for_luxoft\game.cpp(268): warning C4996: 'getch': The POSIX name for this item is deprecated. Instead, use the ISO C++ conformant name: _getch. See online help for details.
          d:\microsoft visual studio 10.0\vc\include\conio.h(128): см. объявление "getch"
d:\cpp2\gta_for_luxoft\gta_for_luxoft\game.cpp(269): warning C4996: 'getch': The POSIX name for this item is deprecated. Instead, use the ISO C++ conformant name: _getch. See online help for details.
          d:\microsoft visual studio 10.0\vc\include\conio.h(128): см. объявление "getch"
d:\cpp2\gta_for_luxoft\gta_for_luxoft\game.cpp(292): warning C4244: аргумент: преобразование "float" в "int", возможна потеря данных
d:\cpp2\gta_for_luxoft\gta_for_luxoft\game.cpp(298): warning C4244: аргумент: преобразование "float" в "int", возможна потеря данных
Link:
  D:\Microsoft Visual Studio 10.0\VC\bin\link.exe /ERRORREPORT:PROMPT /OUT:"D:\cpp2\gta_for_Luxoft\Debug\gta_for_Luxoft.exe" /NOLOGO kernel32.lib user32.lib gdi32.lib winspool.lib comdlg32.lib advapi32.lib shell32.lib ole32.lib oleaut32.lib uuid.lib odbc32.lib odbccp32.lib /MANIFEST /ManifestFile:"Debug\gta_for_Luxoft.exe.intermediate.manifest" /MANIFESTUAC:"level='asInvoker' uiAccess='false'" /DEBUG /PDB:"D:\cpp2\gta_for_Luxoft\Debug\gta_for_Luxoft.pdb" /TLBID:1 /DYNAMICBASE /NXCOMPAT /IMPLIB:"D:\cpp2\gta_for_Luxoft\Debug\gta_for_Luxoft.lib" /MACHINE:X86 Debug\game.obj
  LINK : не найден или не выполнена сборка D:\cpp2\gta_for_Luxoft\Debug\gta_for_Luxoft.exe при последней инкрементной компоновке; выполняется полная компоновка
  gta_for_Luxoft.vcxproj -> D:\cpp2\gta_for_Luxoft\Debug\gta_for_Luxoft.exe
Manifest:
  C:\Program Files\Microsoft SDKs\Windows\v7.0A\bin\mt.exe /nologo /verbose /outputresource:"D:\cpp2\gta_for_Luxoft\Debug\gta_for_Luxoft.exe;#1" /manifest Debug\gta_for_Luxoft.exe.intermediate.manifest
FinalizeBuildStatus:
  Файл "Debug\gta_for_Luxoft.unsuccessfulbuild" удаляется.
  Обращение к "Debug\gta_for_Luxoft.lastbuildstate".
Построение проекта "D:\cpp2\gta_for_Luxoft\gta_for_Luxoft\gta_for_Luxoft.vcxproj" завершено (целевые объекты build).

Построение успешно завершено.

Затраченное время: 00:00:02.75
